sample.interval=20000
"lazyLoadDBfetch" "sys.save.image" 
".deparseOpts" "deparse" "eval" "match.arg" "sink.number" "closeAllConnections" "sys.save.image" 
"save" "save.image" "sys.save.image" 
"save" "save.image" "sys.save.image" 
"save" "save.image" "sys.save.image" 
"save" "save.image" "sys.save.image" 
"save" "save.image" "sys.save.image" 
"save" "save.image" "sys.save.image" 
"save" "save.image" "sys.save.image" 
"save" "save.image" "sys.save.image" 
"save" "save.image" "sys.save.image" 
"save" "save.image" "sys.save.image" 
"save" "save.image" "sys.save.image" 
"save" "save.image" "sys.save.image" 
"save" "save.image" "sys.save.image" 
"save" "save.image" "sys.save.image" 
"save" "save.image" "sys.save.image" 
"save" "save.image" "sys.save.image" 
"save" "save.image" "sys.save.image" 
"save" "save.image" "sys.save.image" 
"save" "save.image" "sys.save.image" 
"save" "save.image" "sys.save.image" 
"save" "save.image" "sys.save.image" 
"save" "save.image" "sys.save.image" 
"save" "save.image" "sys.save.image" 
"save" "save.image" "sys.save.image" 
"save" "save.image" "sys.save.image" 
"save" "save.image" "sys.save.image" 
"save" "save.image" "sys.save.image" 
"save" "save.image" "sys.save.image" 
"save" "save.image" "sys.save.image" 
"save" "save.image" "sys.save.image" 
"save" "save.image" "sys.save.image" 
"save" "save.image" "sys.save.image" 
"save" "save.image" "sys.save.image" 
"save" "save.image" "sys.save.image" 
"save" "save.image" "sys.save.image" 
"save" "save.image" "sys.save.image" 
"save" "save.image" "sys.save.image" 
"save" "save.image" "sys.save.image" 
"save" "save.image" "sys.save.image" 
"save" "save.image" "sys.save.image" 
"save" "save.image" "sys.save.image" 
"save" "save.image" "sys.save.image" 
"save" "save.image" "sys.save.image" 
"save" "save.image" "sys.save.image" 
"save" "save.image" "sys.save.image" 
"save" "save.image" "sys.save.image" 
"save" "save.image" "sys.save.image" 
"save" "save.image" "sys.save.image" 
"save" "save.image" "sys.save.image" 
"save" "save.image" "sys.save.image" 
"save" "save.image" "sys.save.image" 
"save" "save.image" "sys.save.image" 
"save" "save.image" "sys.save.image" 
"save" "save.image" "sys.save.image" 
"save" "save.image" "sys.save.image" 
"save" "save.image" "sys.save.image" 
"save" "save.image" "sys.save.image" 
"save" "save.image" "sys.save.image" 
"save" "save.image" "sys.save.image" 
"save" "save.image" "sys.save.image" 
"save" "save.image" "sys.save.image" 
"save" "save.image" "sys.save.image" 
"save" "save.image" "sys.save.image" 
"save" "save.image" "sys.save.image" 
"save" "save.image" "sys.save.image" 
"save" "save.image" "sys.save.image" 
"save" "save.image" "sys.save.image" 
"save" "save.image" "sys.save.image" 
"save" "save.image" "sys.save.image" 
"save" "save.image" "sys.save.image" 
"save" "save.image" "sys.save.image" 
"save" "save.image" "sys.save.image" 
"save" "save.image" "sys.save.image" 
"save" "save.image" "sys.save.image" 
"save" "save.image" "sys.save.image" 
"save" "save.image" "sys.save.image" 
"save" "save.image" "sys.save.image" 
"save" "save.image" "sys.save.image" 
"save" "save.image" "sys.save.image" 
"save" "save.image" "sys.save.image" 
"save" "save.image" "sys.save.image" 
"save" "save.image" "sys.save.image" 
"save" "save.image" "sys.save.image" 
"save" "save.image" "sys.save.image" 
"save" "save.image" "sys.save.image" 
"save" "save.image" "sys.save.image" 
"save" "save.image" "sys.save.image" 
"save" "save.image" "sys.save.image" 
"save" "save.image" "sys.save.image" 
"save" "save.image" "sys.save.image" 
"save" "save.image" "sys.save.image" 
"save" "save.image" "sys.save.image" 
"save" "save.image" "sys.save.image" 
"save" "save.image" "sys.save.image" 
"save" "save.image" "sys.save.image" 
"save" "save.image" "sys.save.image" 
"save" "save.image" "sys.save.image" 
"save" "save.image" "sys.save.image" 
"save" "save.image" "sys.save.image" 
"save" "save.image" "sys.save.image" 
"save" "save.image" "sys.save.image" 
"save" "save.image" "sys.save.image" 
"save" "save.image" "sys.save.image" 
"save" "save.image" "sys.save.image" 
"save" "save.image" "sys.save.image" 
"save" "save.image" "sys.save.image" 
"save" "save.image" "sys.save.image" 
"save" "save.image" "sys.save.image" 
"save" "save.image" "sys.save.image" 
"save" "save.image" "sys.save.image" 
"save" "save.image" "sys.save.image" 
"save" "save.image" "sys.save.image" 
"save" "save.image" "sys.save.image" 
"save" "save.image" "sys.save.image" 
"save" "save.image" "sys.save.image" 
"save" "save.image" "sys.save.image" 
"save" "save.image" "sys.save.image" 
"save" "save.image" "sys.save.image" 
"save" "save.image" "sys.save.image" 
"save" "save.image" "sys.save.image" 
"save" "save.image" "sys.save.image" 
"save" "save.image" "sys.save.image" 
"save" "save.image" "sys.save.image" 
"save" "save.image" "sys.save.image" 
"save" "save.image" "sys.save.image" 
"save" "save.image" "sys.save.image" 
"save" "save.image" "sys.save.image" 
"save" "save.image" "sys.save.image" 
"save" "save.image" "sys.save.image" 
"save" "save.image" "sys.save.image" 
"save" "save.image" "sys.save.image" 
"save" "save.image" "sys.save.image" 
"save" "save.image" "sys.save.image" 
"save" "save.image" "sys.save.image" 
"save" "save.image" "sys.save.image" 
"save" "save.image" "sys.save.image" 
"save" "save.image" "sys.save.image" 
"save" "save.image" "sys.save.image" 
"save" "save.image" "sys.save.image" 
"save" "save.image" "sys.save.image" 
"save" "save.image" "sys.save.image" 
"save" "save.image" "sys.save.image" 
"save" "save.image" "sys.save.image" 
"save" "save.image" "sys.save.image" 
"save" "save.image" "sys.save.image" 
"save" "save.image" "sys.save.image" 
"save" "save.image" "sys.save.image" 
"save" "save.image" "sys.save.image" 
"save" "save.image" "sys.save.image" 
"save" "save.image" "sys.save.image" 
"save" "save.image" "sys.save.image" 
"save" "save.image" "sys.save.image" 
"save" "save.image" "sys.save.image" 
"save" "save.image" "sys.save.image" 
"save" "save.image" "sys.save.image" 
"save" "save.image" "sys.save.image" 
"save" "save.image" "sys.save.image" 
"save" "save.image" "sys.save.image" 
"save" "save.image" "sys.save.image" 
"save" "save.image" "sys.save.image" 
"save" "save.image" "sys.save.image" 
"save" "save.image" "sys.save.image" 
"save" "save.image" "sys.save.image" 
"save" "save.image" "sys.save.image" 
"save" "save.image" "sys.save.image" 
"save" "save.image" "sys.save.image" 
"save" "save.image" "sys.save.image" 
"save" "save.image" "sys.save.image" 
"save" "save.image" "sys.save.image" 
"save" "save.image" "sys.save.image" 
"save" "save.image" "sys.save.image" 
"save" "save.image" "sys.save.image" 
"save" "save.image" "sys.save.image" 
"save" "save.image" "sys.save.image" 
"save" "save.image" "sys.save.image" 
"save" "save.image" "sys.save.image" 
"save" "save.image" "sys.save.image" 
"save" "save.image" "sys.save.image" 
"save" "save.image" "sys.save.image" 
"save" "save.image" "sys.save.image" 
"save" "save.image" "sys.save.image" 
"save" "save.image" "sys.save.image" 
"save" "save.image" "sys.save.image" 
"save" "save.image" "sys.save.image" 
"save" "save.image" "sys.save.image" 
"save" "save.image" "sys.save.image" 
"save" "save.image" "sys.save.image" 
"save" "save.image" "sys.save.image" 
"save" "save.image" "sys.save.image" 
"save" "save.image" "sys.save.image" 
"save" "save.image" "sys.save.image" 
"save" "save.image" "sys.save.image" 
"save" "save.image" "sys.save.image" 
"save" "save.image" "sys.save.image" 
"save" "save.image" "sys.save.image" 
"save" "save.image" "sys.save.image" 
"save" "save.image" "sys.save.image" 
"save" "save.image" "sys.save.image" 
"save" "save.image" "sys.save.image" 
"save" "save.image" "sys.save.image" 
"save" "save.image" "sys.save.image" 
"save" "save.image" "sys.save.image" 
"save" "save.image" "sys.save.image" 
"save" "save.image" "sys.save.image" 
"save" "save.image" "sys.save.image" 
"save" "save.image" "sys.save.image" 
"save" "save.image" "sys.save.image" 
"save" "save.image" "sys.save.image" 
"save" "save.image" "sys.save.image" 
"save" "save.image" "sys.save.image" 
"save" "save.image" "sys.save.image" 
"save" "save.image" "sys.save.image" 
"save" "save.image" "sys.save.image" 
"save" "save.image" "sys.save.image" 
"save" "save.image" "sys.save.image" 
"save" "save.image" "sys.save.image" 
"save" "save.image" "sys.save.image" 
"save" "save.image" "sys.save.image" 
"save" "save.image" "sys.save.image" 
"save" "save.image" "sys.save.image" 
"save" "save.image" "sys.save.image" 
"save" "save.image" "sys.save.image" 
"save" "save.image" "sys.save.image" 
"save" "save.image" "sys.save.image" 
"save" "save.image" "sys.save.image" 
"save" "save.image" "sys.save.image" 
"save" "save.image" "sys.save.image" 
"save" "save.image" "sys.save.image" 
"save" "save.image" "sys.save.image" 
"save" "save.image" "sys.save.image" 
"save" "save.image" "sys.save.image" 
"save" "save.image" "sys.save.image" 
"save" "save.image" "sys.save.image" 
"save" "save.image" "sys.save.image" 
"save" "save.image" "sys.save.image" 
"save" "save.image" "sys.save.image" 
"save" "save.image" "sys.save.image" 
"save" "save.image" "sys.save.image" 
"save" "save.image" "sys.save.image" 
"save" "save.image" "sys.save.image" 
"save" "save.image" "sys.save.image" 
"save" "save.image" "sys.save.image" 
"save" "save.image" "sys.save.image" 
"save" "save.image" "sys.save.image" 
"save" "save.image" "sys.save.image" 
"save" "save.image" "sys.save.image" 
"save" "save.image" "sys.save.image" 
"save" "save.image" "sys.save.image" 
"save" "save.image" "sys.save.image" 
"save" "save.image" "sys.save.image" 
"save" "save.image" "sys.save.image" 
"save" "save.image" "sys.save.image" 
"file.rename" "save.image" "sys.save.image" 
"file.rename" "save.image" "sys.save.image" 
"file.rename" "save.image" "sys.save.image" 
"file.rename" "save.image" "sys.save.image" 
